<?xml version="1.0" encoding="UTF-8"?>
<!-- Generated by org.testng.reporters.JUnitXMLReporter -->
<testsuite hostname="ndi-mb-059" ignored="0" name="Test" tests="7" failures="5" timestamp="2021-03-23T13:26:09 IST" time="249.567" errors="0">
  <testcase name="testWebsite" time="25.306" classname="eCommerce.TestVisitWebsite_WebView">
    <failure type="io.appium.java_client.NoSuchContextException" message="An unknown server-side error occurred while processing the command. Original error: A new session could not be created. Details: session not created: This version of ChromeDriver only supports Chrome version 89
Current browser version is 61.0.3163.98 with package name com.androidsample.generalstore
Build info: version: &amp;apos;3.141.59&amp;apos;, revision: &amp;apos;e82be7d358&amp;apos;, time: &amp;apos;2018-11-14T08:17:03&amp;apos;
System info: host: &amp;apos;ndi-mb-059&amp;apos;, ip: &amp;apos;2405:201:4018:6140:ad41:9812:c1e5:5ba4%en0&amp;apos;, os.name: &amp;apos;Mac OS X&amp;apos;, os.arch: &amp;apos;x86_64&amp;apos;, os.version: &amp;apos;10.15.7&amp;apos;, java.version: &amp;apos;1.8.0_211&amp;apos;
Driver info: io.appium.java_client.android.AndroidDriver
Capabilities {app: /Users/neetu.singh/Document..., appPackage: com.androidsample.generalstore, automationName: UiAutomator2, avd: Nexus6New, avdLaunchTimeout: 180000, databaseEnabled: false, desired: {app: /Users/neetu.singh/Document..., automationName: UiAutomator2, avd: Nexus6New, avdLaunchTimeout: 180000, deviceName: Nexus6New, newCommandTimeout: 300, platformName: android, udid: emulator-5554}, deviceApiLevel: 27, deviceManufacturer: unknown, deviceModel: Android SDK built for x86_64, deviceName: emulator-5554, deviceScreenDensity: 560, deviceScreenSize: 1440x2560, deviceUDID: emulator-5554, javascriptEnabled: true, locationContextEnabled: false, networkConnectionEnabled: true, newCommandTimeout: 300, pixelRatio: 3.5, platform: LINUX, platformName: Android, platformVersion: 8.1.0, statBarHeight: 84, takesScreenshot: true, udid: emulator-5554, viewportRect: {height: 2308, left: 0, top: 84, width: 1440}, warnings: {}, webStorageEnabled: false}
Session ID: e388707a-162d-410b-94f9-44158c50378a">
      <![CDATA[io.appium.java_client.NoSuchContextException: An unknown server-side error occurred while processing the command. Original error: A new session could not be created. Details: session not created: This version of ChromeDriver only supports Chrome version 89
Current browser version is 61.0.3163.98 with package name com.androidsample.generalstore
Build info: version: '3.141.59', revision: 'e82be7d358', time: '2018-11-14T08:17:03'
System info: host: 'ndi-mb-059', ip: '2405:201:4018:6140:ad41:9812:c1e5:5ba4%en0', os.name: 'Mac OS X', os.arch: 'x86_64', os.version: '10.15.7', java.version: '1.8.0_211'
Driver info: io.appium.java_client.android.AndroidDriver
Capabilities {app: /Users/neetu.singh/Document..., appPackage: com.androidsample.generalstore, automationName: UiAutomator2, avd: Nexus6New, avdLaunchTimeout: 180000, databaseEnabled: false, desired: {app: /Users/neetu.singh/Document..., automationName: UiAutomator2, avd: Nexus6New, avdLaunchTimeout: 180000, deviceName: Nexus6New, newCommandTimeout: 300, platformName: android, udid: emulator-5554}, deviceApiLevel: 27, deviceManufacturer: unknown, deviceModel: Android SDK built for x86_64, deviceName: emulator-5554, deviceScreenDensity: 560, deviceScreenSize: 1440x2560, deviceUDID: emulator-5554, javascriptEnabled: true, locationContextEnabled: false, networkConnectionEnabled: true, newCommandTimeout: 300, pixelRatio: 3.5, platform: LINUX, platformName: Android, platformVersion: 8.1.0, statBarHeight: 84, takesScreenshot: true, udid: emulator-5554, viewportRect: {height: 2308, left: 0, top: 84, width: 1440}, warnings: {}, webStorageEnabled: false}
Session ID: e388707a-162d-410b-94f9-44158c50378a
at io.appium.java_client.AppiumDriver.context(AppiumDriver.java:232)
at androidBase.Common.switchsContext(Common.java:49)
at eCommerce.TestVisitWebsite_WebView.testWebsite(TestVisitWebsite_WebView.java:19)
at java.util.ArrayList.forEach(ArrayList.java:1257)
Caused by: org.openqa.selenium.WebDriverException: An unknown server-side error occurred while processing the command. Original error: A new session could not be created. Details: session not created: This version of ChromeDriver only supports Chrome version 89
Current browser version is 61.0.3163.98 with package name com.androidsample.generalstore
Build info: version: '3.141.59', revision: 'e82be7d358', time: '2018-11-14T08:17:03'
System info: host: 'ndi-mb-059', ip: '2405:201:4018:6140:ad41:9812:c1e5:5ba4%en0', os.name: 'Mac OS X', os.arch: 'x86_64', os.version: '10.15.7', java.version: '1.8.0_211'
Driver info: io.appium.java_client.android.AndroidDriver
Capabilities {app: /Users/neetu.singh/Document..., appPackage: com.androidsample.generalstore, automationName: UiAutomator2, avd: Nexus6New, avdLaunchTimeout: 180000, databaseEnabled: false, desired: {app: /Users/neetu.singh/Document..., automationName: UiAutomator2, avd: Nexus6New, avdLaunchTimeout: 180000, deviceName: Nexus6New, newCommandTimeout: 300, platformName: android, udid: emulator-5554}, deviceApiLevel: 27, deviceManufacturer: unknown, deviceModel: Android SDK built for x86_64, deviceName: emulator-5554, deviceScreenDensity: 560, deviceScreenSize: 1440x2560, deviceUDID: emulator-5554, javascriptEnabled: true, locationContextEnabled: false, networkConnectionEnabled: true, newCommandTimeout: 300, pixelRatio: 3.5, platform: LINUX, platformName: Android, platformVersion: 8.1.0, statBarHeight: 84, takesScreenshot: true, udid: emulator-5554, viewportRect: {height: 2308, left: 0, top: 84, width: 1440}, warnings: {}, webStorageEnabled: false}
Session ID: e388707a-162d-410b-94f9-44158c50378a
at org.openqa.selenium.remote.http.W3CHttpResponseCodec.createException(W3CHttpResponseCodec.java:187)
at org.openqa.selenium.remote.http.W3CHttpResponseCodec.decode(W3CHttpResponseCodec.java:122)
at org.openqa.selenium.remote.http.W3CHttpResponseCodec.decode(W3CHttpResponseCodec.java:49)
at org.openqa.selenium.remote.HttpCommandExecutor.execute(HttpCommandExecutor.java:158)
at io.appium.java_client.remote.AppiumCommandExecutor.execute(AppiumCommandExecutor.java:247)
at org.openqa.selenium.remote.RemoteWebDriver.execute(RemoteWebDriver.java:552)
at io.appium.java_client.DefaultGenericMobileDriver.execute(DefaultGenericMobileDriver.java:41)
at io.appium.java_client.AppiumDriver.execute(AppiumDriver.java:1)
at io.appium.java_client.android.AndroidDriver.execute(AndroidDriver.java:1)
at io.appium.java_client.AppiumDriver.context(AppiumDriver.java:229)
... 30 more
... Removed 31 stack frames]]>
    </failure>
  </testcase> <!-- testWebsite -->
  <testcase name="testMessage" time="27.019" classname="eCommerce.TestAddToCart"/>
  <testcase name="testCheckbox" time="14.698" classname="eCommerce.TestEmailCheckbox">
    <failure type="java.lang.AssertionError" message="expected [280.97] but found [561.94]">
      <![CDATA[java.lang.AssertionError: expected [280.97] but found [561.94]
at androidScreen.TotalPurchaseAmount.totalAmount(TotalPurchaseAmount.java:46)
at eCommerce.TestEmailCheckbox.testCheckbox(TestEmailCheckbox.java:14)
at java.util.ArrayList.forEach(ArrayList.java:1257)
... Removed 31 stack frames]]>
    </failure>
  </testcase> <!-- testCheckbox -->
  <testcase name="testTital" time="13.571" classname="eCommerce.TestTotalAmount">
    <failure type="java.lang.AssertionError" message="expected [280.97] but found [842.9100000000001]">
      <![CDATA[java.lang.AssertionError: expected [280.97] but found [842.9100000000001]
at androidScreen.TotalPurchaseAmount.totalAmount(TotalPurchaseAmount.java:46)
at eCommerce.TestTotalAmount.testTital(TestTotalAmount.java:12)
at java.util.ArrayList.forEach(ArrayList.java:1257)
... Removed 31 stack frames]]>
    </failure>
  </testcase> <!-- testTital -->
  <testcase name="testLongPress" time="12.716" classname="eCommerce.TestTermAndCondition_LongPress">
    <failure type="java.lang.AssertionError" message="expected [280.97] but found [1123.88]">
      <![CDATA[java.lang.AssertionError: expected [280.97] but found [1123.88]
at androidScreen.TotalPurchaseAmount.totalAmount(TotalPurchaseAmount.java:46)
at eCommerce.TestTermAndCondition_LongPress.testLongPress(TestTermAndCondition_LongPress.java:15)
at java.util.ArrayList.forEach(ArrayList.java:1257)
... Removed 31 stack frames]]>
    </failure>
  </testcase> <!-- testLongPress -->
  <testcase name="testHomePage" time="16.22" classname="eCommerce.TestHomePage"/>
  <testcase name="testMessage" time="2.294" classname="eCommerce.TestHomePage">
    <failure type="org.openqa.selenium.StaleElementReferenceException" message="androidx.test.uiautomator.StaleObjectException
For documentation on this error, please visit: https://www.seleniumhq.org/exceptions/stale_element_reference.html
Build info: version: &amp;apos;3.141.59&amp;apos;, revision: &amp;apos;e82be7d358&amp;apos;, time: &amp;apos;2018-11-14T08:17:03&amp;apos;
System info: host: &amp;apos;ndi-mb-059&amp;apos;, ip: &amp;apos;2405:201:4018:6140:ad41:9812:c1e5:5ba4%en0&amp;apos;, os.name: &amp;apos;Mac OS X&amp;apos;, os.arch: &amp;apos;x86_64&amp;apos;, os.version: &amp;apos;10.15.7&amp;apos;, java.version: &amp;apos;1.8.0_211&amp;apos;
Driver info: io.appium.java_client.android.AndroidDriver
Capabilities {app: /Users/neetu.singh/Document..., appPackage: com.androidsample.generalstore, automationName: UiAutomator2, avd: Nexus6New, avdLaunchTimeout: 180000, databaseEnabled: false, desired: {app: /Users/neetu.singh/Document..., automationName: UiAutomator2, avd: Nexus6New, avdLaunchTimeout: 180000, deviceName: Nexus6New, newCommandTimeout: 300, platformName: android, udid: emulator-5554}, deviceApiLevel: 27, deviceManufacturer: unknown, deviceModel: Android SDK built for x86_64, deviceName: emulator-5554, deviceScreenDensity: 560, deviceScreenSize: 1440x2560, deviceUDID: emulator-5554, javascriptEnabled: true, locationContextEnabled: false, networkConnectionEnabled: true, newCommandTimeout: 300, pixelRatio: 3.5, platform: LINUX, platformName: Android, platformVersion: 8.1.0, statBarHeight: 84, takesScreenshot: true, udid: emulator-5554, viewportRect: {height: 2308, left: 0, top: 84, width: 1440}, warnings: {}, webStorageEnabled: false}
Session ID: 2f9a6fad-32da-40d3-a480-c4c2047223a3">
      <![CDATA[org.openqa.selenium.StaleElementReferenceException: androidx.test.uiautomator.StaleObjectException
For documentation on this error, please visit: https://www.seleniumhq.org/exceptions/stale_element_reference.html
Build info: version: '3.141.59', revision: 'e82be7d358', time: '2018-11-14T08:17:03'
System info: host: 'ndi-mb-059', ip: '2405:201:4018:6140:ad41:9812:c1e5:5ba4%en0', os.name: 'Mac OS X', os.arch: 'x86_64', os.version: '10.15.7', java.version: '1.8.0_211'
Driver info: io.appium.java_client.android.AndroidDriver
Capabilities {app: /Users/neetu.singh/Document..., appPackage: com.androidsample.generalstore, automationName: UiAutomator2, avd: Nexus6New, avdLaunchTimeout: 180000, databaseEnabled: false, desired: {app: /Users/neetu.singh/Document..., automationName: UiAutomator2, avd: Nexus6New, avdLaunchTimeout: 180000, deviceName: Nexus6New, newCommandTimeout: 300, platformName: android, udid: emulator-5554}, deviceApiLevel: 27, deviceManufacturer: unknown, deviceModel: Android SDK built for x86_64, deviceName: emulator-5554, deviceScreenDensity: 560, deviceScreenSize: 1440x2560, deviceUDID: emulator-5554, javascriptEnabled: true, locationContextEnabled: false, networkConnectionEnabled: true, newCommandTimeout: 300, pixelRatio: 3.5, platform: LINUX, platformName: Android, platformVersion: 8.1.0, statBarHeight: 84, takesScreenshot: true, udid: emulator-5554, viewportRect: {height: 2308, left: 0, top: 84, width: 1440}, warnings: {}, webStorageEnabled: false}
Session ID: 2f9a6fad-32da-40d3-a480-c4c2047223a3
at org.openqa.selenium.remote.http.W3CHttpResponseCodec.createException(W3CHttpResponseCodec.java:187)
at org.openqa.selenium.remote.http.W3CHttpResponseCodec.decode(W3CHttpResponseCodec.java:122)
at org.openqa.selenium.remote.http.W3CHttpResponseCodec.decode(W3CHttpResponseCodec.java:49)
at org.openqa.selenium.remote.HttpCommandExecutor.execute(HttpCommandExecutor.java:158)
at io.appium.java_client.remote.AppiumCommandExecutor.execute(AppiumCommandExecutor.java:247)
at org.openqa.selenium.remote.RemoteWebDriver.execute(RemoteWebDriver.java:552)
at io.appium.java_client.DefaultGenericMobileDriver.execute(DefaultGenericMobileDriver.java:41)
at io.appium.java_client.AppiumDriver.execute(AppiumDriver.java:1)
at io.appium.java_client.android.AndroidDriver.execute(AndroidDriver.java:1)
at org.openqa.selenium.remote.RemoteWebElement.execute(RemoteWebElement.java:285)
at io.appium.java_client.DefaultGenericMobileElement.execute(DefaultGenericMobileElement.java:45)
at io.appium.java_client.MobileElement.execute(MobileElement.java:1)
at io.appium.java_client.android.AndroidElement.execute(AndroidElement.java:1)
at org.openqa.selenium.remote.RemoteWebElement.click(RemoteWebElement.java:84)
at androidScreen.HomePage.toastMessage(HomePage.java:11)
at eCommerce.TestHomePage.testMessage(TestHomePage.java:18)
at java.util.ArrayList.forEach(ArrayList.java:1257)
... Removed 31 stack frames]]>
    </failure>
  </testcase> <!-- testMessage -->
</testsuite> <!-- Test -->
